0101010\n1010101\n01010101100110\n0011001\n11001101010101\n0101010\n10101010011001\n1100110\n00110011111000\n0000111\n1111000
EVERLIGHT CONTROL
[SYSTEM STATUS: ONLINE]
97 LIGHT SEQUENCES DETECTED | 13 GROUPS ACTIVE
Other Holidays
◤◥
[17 UNITS]
Valentines
◤◥
[3 UNITS]
Patriotic
◤◥
[12 UNITS]
Halloween
◤◥
[6 UNITS]
Fall Fun
◤◥
[10 UNITS]
Christmas
◤◥
[6 UNITS]
Winter Magic
◤◥
[6 UNITS]
Celebrations
◤◥
[6 UNITS]
Everyday
◤◥
[18 UNITS]
Ungrouped
◤◥
[1 UNITS]
Cancer Awareness
◤◥
[7 UNITS]
Pop Culture
◤◥
[7 UNITS]
Personal
◤◥
[1 UNITS]
